Determining if the pthread_create exist failed with the following output:
Change Dir: /home/pi/catkin_ws/build/CMakeFiles/CMakeTmp

Run Build Command:"/usr/bin/make" "cmTC_2b47c/fast"
/usr/bin/make -f CMakeFiles/cmTC_2b47c.dir/build.make CMakeFiles/cmTC_2b47c.dir/build
make[1]: Entering directory '/home/pi/catkin_ws/build/CMakeFiles/CMakeTmp'
Building C object CMakeFiles/cmTC_2b47c.dir/CheckSymbolExists.c.o
/usr/bin/cc     -o CMakeFiles/cmTC_2b47c.dir/CheckSymbolExists.c.o   -c /home/pi/catkin_ws/build/CMakeFiles/CMakeTmp/CheckSymbolExists.c
Linking C executable cmTC_2b47c
/usr/bin/cmake -E cmake_link_script CMakeFiles/cmTC_2b47c.dir/link.txt --verbose=1
/usr/bin/cc       CMakeFiles/cmTC_2b47c.dir/CheckSymbolExists.c.o  -o cmTC_2b47c -rdynamic 
CMakeFiles/cmTC_2b47c.dir/CheckSymbolExists.c.o: In function `main':
CheckSymbolExists.c:(.text+0x38): undefined reference to `pthread_create'
collect2: error: ld returned 1 exit status
CMakeFiles/cmTC_2b47c.dir/build.make:97: recipe for target 'cmTC_2b47c' failed
make[1]: *** [cmTC_2b47c] Error 1
make[1]: Leaving directory '/home/pi/catkin_ws/build/CMakeFiles/CMakeTmp'
Makefile:126: recipe for target 'cmTC_2b47c/fast' failed
make: *** [cmTC_2b47c/fast] Error 2

File /home/pi/catkin_ws/build/CMakeFiles/CMakeTmp/CheckSymbolExists.c:
/* */
#include <pthread.h>

int main(int argc, char** argv)
{
  (void)argv;
#ifndef pthread_create
  return ((int*)(&pthread_create))[argc];
#else
  (void)argc;
  return 0;
#endif
}

Determining if the function pthread_create exists in the pthreads failed with the following output:
Change Dir: /home/pi/catkin_ws/build/CMakeFiles/CMakeTmp

Run Build Command:"/usr/bin/make" "cmTC_092a3/fast"
/usr/bin/make -f CMakeFiles/cmTC_092a3.dir/build.make CMakeFiles/cmTC_092a3.dir/build
make[1]: Entering directory '/home/pi/catkin_ws/build/CMakeFiles/CMakeTmp'
Building C object CMakeFiles/cmTC_092a3.dir/CheckFunctionExists.c.o
/usr/bin/cc    -DCHECK_FUNCTION_EXISTS=pthread_create   -o CMakeFiles/cmTC_092a3.dir/CheckFunctionExists.c.o   -c /usr/share/cmake-3.6/Modules/CheckFunctionExists.c
Linking C executable cmTC_092a3
/usr/bin/cmake -E cmake_link_script CMakeFiles/cmTC_092a3.dir/link.txt --verbose=1
/usr/bin/cc   -DCHECK_FUNCTION_EXISTS=pthread_create    CMakeFiles/cmTC_092a3.dir/CheckFunctionExists.c.o  -o cmTC_092a3 -rdynamic -lpthreads 
/usr/bin/ld: cannot find -lpthreads
collect2: error: ld returned 1 exit status
CMakeFiles/cmTC_092a3.dir/build.make:97: recipe for target 'cmTC_092a3' failed
make[1]: *** [cmTC_092a3] Error 1
make[1]: Leaving directory '/home/pi/catkin_ws/build/CMakeFiles/CMakeTmp'
Makefile:126: recipe for target 'cmTC_092a3/fast' failed
make: *** [cmTC_092a3/fast] Error 2


